<?xml version="1.0" encoding="UTF-8"?>
<robot generator="Robot 7.0 (Python 3.12.2 on win32)" generated="2024-03-14T10:52:23.973976" rpa="false" schemaversion="5">
<suite id="s1" name="Primeiro Teste" source="C:\Users\flyfe\OneDrive\Área de Trabalho\curso-robot\primeiro_teste.robot">
<test id="s1-t1" name="Abrir navegador e acessar o site do organo" line="6">
<kw name="Open Browser" owner="SeleniumLibrary">
<msg time="2024-03-14T10:52:24.210547" level="INFO">Opening browser 'Chrome' to base url 'http://localhost:3000/'.</msg>
<arg>url=http://localhost:3000/</arg>
<arg>browser=Chrome</arg>
<doc>Opens a new browser instance to the optional ``url``.</doc>
<status status="PASS" start="2024-03-14T10:52:24.210547" elapsed="4.203424"/>
</kw>
<status status="PASS" start="2024-03-14T10:52:24.210547" elapsed="4.203424"/>
</test>
<test id="s1-t2" name="Preencher os campos do formulário" line="9">
<kw name="Input Text" owner="SeleniumLibrary">
<msg time="2024-03-14T10:52:28.427507" level="INFO">Typing text 'dante' into text field 'id:form-nome'.</msg>
<arg>id:form-nome</arg>
<arg>dante</arg>
<doc>Types the given ``text`` into the text field identified by ``locator``.</doc>
<status status="PASS" start="2024-03-14T10:52:28.424468" elapsed="0.211495"/>
</kw>
<kw name="Input Text" owner="SeleniumLibrary">
<msg time="2024-03-14T10:52:28.635963" level="INFO">Typing text 'desenvolvedor' into text field 'id:form-cargo'.</msg>
<arg>id:form-cargo</arg>
<arg>desenvolvedor</arg>
<doc>Types the given ``text`` into the text field identified by ``locator``.</doc>
<status status="PASS" start="2024-03-14T10:52:28.635963" elapsed="0.189284"/>
</kw>
<kw name="Input Text" owner="SeleniumLibrary">
<msg time="2024-03-14T10:52:28.825247" level="INFO">Typing text 'https://picsum.photos/200/300' into text field 'id:form-imagem'.</msg>
<arg>id:form-imagem</arg>
<arg>https://picsum.photos/200/300</arg>
<doc>Types the given ``text`` into the text field identified by ``locator``.</doc>
<status status="PASS" start="2024-03-14T10:52:28.825247" elapsed="0.299425"/>
</kw>
<kw name="Click Element" owner="SeleniumLibrary">
<msg time="2024-03-14T10:52:29.124672" level="INFO">Clicking element 'class:lista-suspensa'.</msg>
<arg>class:lista-suspensa</arg>
<doc>Click the element identified by ``locator``.</doc>
<status status="PASS" start="2024-03-14T10:52:29.124672" elapsed="0.102596"/>
</kw>
<kw name="Click Element" owner="SeleniumLibrary">
<msg time="2024-03-14T10:52:29.234254" level="INFO">Clicking element '//option[contains(.,'Programação')]'.</msg>
<arg>//option[contains(.,'Programação')]</arg>
<doc>Click the element identified by ``locator``.</doc>
<status status="PASS" start="2024-03-14T10:52:29.227268" elapsed="0.099983"/>
</kw>
<kw name="Click Element" owner="SeleniumLibrary">
<msg time="2024-03-14T10:52:29.327251" level="INFO">Clicking element 'id:form-botao'.</msg>
<arg>id:form-botao</arg>
<doc>Click the element identified by ``locator``.</doc>
<status status="PASS" start="2024-03-14T10:52:29.327251" elapsed="0.153092"/>
</kw>
<kw name="Element Should Be Visible" owner="SeleniumLibrary">
<msg time="2024-03-14T10:52:29.523546" level="INFO">Element 'class:colaborador' is displayed.</msg>
<arg>class:colaborador</arg>
<doc>Verifies that the element identified by ``locator`` is visible.</doc>
<status status="PASS" start="2024-03-14T10:52:29.480343" elapsed="0.043203"/>
</kw>
<status status="PASS" start="2024-03-14T10:52:28.419476" elapsed="1.104070"/>
</test>
<status status="PASS" start="2024-03-14T10:52:23.973976" elapsed="5.549570"/>
</suite>
<statistics>
<total>
<stat pass="2" fail="0" skip="0">All Tests</stat>
</total>
<tag>
</tag>
<suite>
<stat pass="2" fail="0" skip="0" id="s1" name="Primeiro Teste">Primeiro Teste</stat>
</suite>
</statistics>
<errors>
</errors>
</robot>
