<?xml version="1.0" encoding="UTF-8"?>
<robot generator="Robot 7.0 (Python 3.12.2 on win32)" generated="2024-03-14T10:33:51.758860" rpa="false" schemaversion="5">
<suite id="s1" name="Curso-Robot" source="C:\Users\flyfe\OneDrive\Área de Trabalho\curso-robot">
<suite id="s1-s1" name="Primeiro Teste" source="C:\Users\flyfe\OneDrive\Área de Trabalho\curso-robot\primeiro_teste.robot">
<test id="s1-s1-t1" name="Abrir navegador e acessar o site do organo" line="6">
<kw name="Open Browser" owner="SeleniumLibrary">
<msg time="2024-03-14T10:33:52.128265" level="INFO">Opening browser 'Chrome' to base url 'http://localhost:3000/'.</msg>
<arg>url=http://localhost:3000/</arg>
<arg>browser=Chrome</arg>
<doc>Opens a new browser instance to the optional ``url``.</doc>
<status status="PASS" start="2024-03-14T10:33:52.128265" elapsed="6.160231"/>
</kw>
<status status="PASS" start="2024-03-14T10:33:52.123759" elapsed="6.210887"/>
</test>
<status status="PASS" start="2024-03-14T10:33:51.807802" elapsed="6.599898"/>
</suite>
<status status="PASS" start="2024-03-14T10:33:51.773587" elapsed="6.724729"/>
</suite>
<statistics>
<total>
<stat pass="1" fail="0" skip="0">All Tests</stat>
</total>
<tag>
</tag>
<suite>
<stat pass="1" fail="0" skip="0" id="s1" name="Curso-Robot">Curso-Robot</stat>
<stat pass="1" fail="0" skip="0" id="s1-s1" name="Primeiro Teste">Curso-Robot.Primeiro Teste</stat>
</suite>
</statistics>
<errors>
</errors>
</robot>
